<?xml version="1.0" encoding="UTF-8"?>
<!-- Generated by org.testng.reporters.JUnitReportReporter -->
<testsuite hostname="WIN-O6MO23OAIJQ" failures="0" tests="1" name="com.ibm.Project.Activity2" time="4.590" errors="0" timestamp="12 Nov 2021 06:42:33 GMT">
  <testcase classname="com.ibm.Project.Activity2" name="getTitle" time="4.590"/>
</testsuite> <!-- com.ibm.Project.Activity2 -->
