<?xml version="1.0" encoding="UTF-8"?>
<!-- Generated by org.testng.reporters.JUnitReportReporter -->
<testsuite hostname="WIN-O6MO23OAIJQ" failures="0" tests="1" name="com.ibm.Project.Activity8" time="17.537" errors="0" timestamp="15 Nov 2021 15:18:28 GMT">
  <testcase classname="com.ibm.Project.Activity8" name="DashboardTestCase" time="17.537"/>
</testsuite> <!-- com.ibm.Project.Activity8 -->
