<?xml version="1.0" encoding="UTF-8"?>
<!-- Generated by org.testng.reporters.JUnitReportReporter -->
<testsuite hostname="WIN-O6MO23OAIJQ" failures="0" tests="1" name="com.ibm.Project.Activity5" time="16.700" errors="0" timestamp="15 Nov 2021 06:12:48 GMT">
  <testcase classname="com.ibm.Project.Activity5" name="MyInfoTestCase" time="16.700"/>
</testsuite> <!-- com.ibm.Project.Activity5 -->
