<?xml version="1.0" encoding="UTF-8"?>
<!-- Generated by org.testng.reporters.JUnitReportReporter -->
<testsuite hostname="WIN-O6MO23OAIJQ" failures="0" tests="1" name="com.ibm.Project.Activity6" time="14.117" errors="0" timestamp="15 Nov 2021 06:20:29 GMT">
  <testcase classname="com.ibm.Project.Activity6" name="EmployeeAddTestCase" time="14.117"/>
</testsuite> <!-- com.ibm.Project.Activity6 -->
