<?xml version="1.0" encoding="UTF-8"?>
<!-- Generated by org.testng.reporters.JUnitReportReporter -->
<testsuite hostname="WIN-O6MO23OAIJQ" failures="0" tests="1" name="com.ibm.Project.Activity4" time="16.202" errors="0" timestamp="12 Nov 2021 07:29:27 GMT">
  <testcase classname="com.ibm.Project.Activity4" name="EmployeeAddTestCase" time="16.202"/>
</testsuite> <!-- com.ibm.Project.Activity4 -->
