<?xml version="1.0" encoding="UTF-8"?>
<!-- Generated by org.testng.reporters.JUnitReportReporter -->
<testsuite hostname="WIN-O6MO23OAIJQ" failures="0" tests="2" name="com.ibm.Project.Activity3" time="8.378" errors="0" timestamp="15 Nov 2021 06:43:16 GMT">
  <testcase classname="com.ibm.Project.Activity3" name="HomePageValidation" time="3.818"/>
  <testcase classname="com.ibm.Project.Activity3" name="LoginTestCase" time="4.560"/>
</testsuite> <!-- com.ibm.Project.Activity3 -->
