<?xml version="1.0" encoding="UTF-8"?>
<!-- Generated by org.testng.reporters.JUnitReportReporter -->
<testsuite hostname="WIN-O6MO23OAIJQ" failures="0" tests="1" name="com.ibm.Project.Activity7" time="15.619" errors="0" timestamp="15 Nov 2021 06:40:02 GMT">
  <testcase classname="com.ibm.Project.Activity7" name="DirectoryAddTestCase" time="15.619"/>
</testsuite> <!-- com.ibm.Project.Activity7 -->
