<?xml version="1.0" encoding="UTF-8"?>
<!-- Generated by org.testng.reporters.JUnitReportReporter -->
<testsuite hostname="WIN-O6MO23OAIJQ" failures="0" tests="1" name="com.ibm.Project.Activity1" time="7.279" errors="0" timestamp="12 Nov 2021 06:20:42 GMT">
  <testcase classname="com.ibm.Project.Activity1" name="exampleTestCase" time="7.279"/>
</testsuite> <!-- com.ibm.Project.Activity1 -->
